#
# A fatal error has been detected by the Java Runtime Environment:
#
#  EXCEPTION_ACCESS_VIOLATION (0xc0000005) at pc=0x000000006da38f45, pid=1896, tid=4792
#
# JRE version: Java(TM) SE Runtime Environment (8.0_91-b15) (build 1.8.0_91-b15)
# Java VM: Java HotSpot(TM) 64-Bit Server VM (25.91-b15 mixed mode windows-amd64 compressed oops)
# Problematic frame:
# V  [jvm.dll+0x128f45]
#
# Failed to write core dump. Minidumps are not enabled by default on client versions of Windows
#
# If you would like to submit a bug report, please visit:
#   http://bugreport.java.com/bugreport/crash.jsp
#

---------------  T H R E A D  ---------------

Current thread (0x000000001c5cb800):  JavaThread "JDWP Transport Listener: dt_socket" daemon [_thread_in_vm, id=4792, stack(0x000000001d130000,0x000000001d230000)]

siginfo: ExceptionCode=0xc0000005, reading address 0xffffffffffffffff

Registers:
RAX=0x000000001d22f001, RBX=0x000000001c5cb800, RCX=0x4c7373656363416d, RDX=0x0000000000000000
RSP=0x000000001d22efc0, RBP=0x4c7373656363416d, RSI=0x000000001d22f0d8, RDI=0x000000000502c830
R8 =0x000000001c5cb800, R9 =0x0000000000008000, R10=0x000000001dc68290, R11=0x000000001db93155
R12=0x0000000000000000, R13=0x000000001c5cbfd8, R14=0x0000000000000000, R15=0x0000000000000000
RIP=0x000000006da38f45, EFLAGS=0x0000000000010202

Top of Stack: (sp=0x000000001d22efc0)
0x000000001d22efc0:   000000001c5cb800 000000001c5cb800
0x000000001d22efd0:   000000001d22f088 000000006dc3f32b
0x000000001d22efe0:   000000001c5cb800 000000006dc5bb8d
0x000000001d22eff0:   0000000000000000 000000006d8c9155
0x000000001d22f000:   000000001dc8b9a0 000000006d8d291e
0x000000001d22f010:   000000001c5cb800 0000000000000000
0x000000001d22f020:   0000000000000000 0000000000000000
0x000000001d22f030:   4c7373656363416d 000000006d8d1a15
0x000000001d22f040:   000000001d22f0d8 000000001d22f0b0
0x000000001d22f050:   0000000000000001 000000001dc8b9a0
0x000000001d22f060:   4c7373656363416d 000000006d8b53b3
0x000000001d22f070:   000000001d22f1a0 0000000000000001
0x000000001d22f080:   0000000000000001 000000001dc8b9a0
0x000000001d22f090:   0000000000000008 0000000000000000
0x000000001d22f0a0:   0000000000000000 0000000000000000
0x000000001d22f0b0:   0000000000000001 000000006d8b5571 

Instructions: (pc=0x000000006da38f45)
0x000000006da38f25:   cc cc cc cc cc cc cc cc cc cc cc 48 83 ec 28 48
0x000000006da38f35:   85 c9 75 07 33 c0 48 83 c4 28 c3 48 89 5c 24 20
0x000000006da38f45:   48 8b 19 48 85 db 74 20 48 83 fb 37 74 1a 48 8b
0x000000006da38f55:   13 48 8b cb ff 52 10 84 c0 74 0d 48 8b c3 48 8b 


Register to memory mapping:

RAX=0x000000001d22f001 is pointing into the stack for thread: 0x000000001c5cb800
RBX=0x000000001c5cb800 is a thread
RCX=0x4c7373656363416d is an unknown value
RDX=0x0000000000000000 is an unknown value
RSP=0x000000001d22efc0 is pointing into the stack for thread: 0x000000001c5cb800
RBP=0x4c7373656363416d is an unknown value
RSI=0x000000001d22f0d8 is pointing into the stack for thread: 0x000000001c5cb800
RDI=0x000000000502c830 is an unknown value
R8 =0x000000001c5cb800 is a thread
R9 =0x0000000000008000 is an unknown value
R10=0x000000001dc68290 is an unknown value
R11=0x000000001db93155 is an unknown value
R12=0x0000000000000000 is an unknown value
R13=0x000000001c5cbfd8 is an unknown value
R14=0x0000000000000000 is an unknown value
R15=0x0000000000000000 is an unknown value


Stack: [0x000000001d130000,0x000000001d230000],  sp=0x000000001d22efc0,  free space=1019k
Native frames: (J=compiled Java code, j=interpreted, Vv=VM code, C=native code)
V  [jvm.dll+0x128f45]
V  [jvm.dll+0x34bb8d]
C  [jdwp.dll+0x21a15]
C  [jdwp.dll+0x53b3]
C  [jdwp.dll+0x5571]
C  [jdwp.dll+0xf0a8]
C  [jdwp.dll+0x1f2d5]
C  [jdwp.dll+0x1f4aa]
V  [jvm.dll+0x1bbf38]
V  [jvm.dll+0x243ae4]
V  [jvm.dll+0x29a99a]
C  [msvcr100.dll+0x21d9f]
C  [msvcr100.dll+0x21e3b]
C  [KERNEL32.DLL+0x11fe4]
C  [ntdll.dll+0x6efc1]


---------------  P R O C E S S  ---------------

Java Threads: ( => current thread )
  0x0000000020236800 JavaThread "DestroyJavaVM" [_thread_blocked, id=4512, stack(0x0000000005440000,0x0000000005540000)]
  0x000000002023a000 JavaThread "http-nio-7007-Acceptor-0" daemon [_thread_in_native, id=14348, stack(0x00000000229c0000,0x0000000022ac0000)]
  0x0000000020239800 JavaThread "http-nio-7007-ClientPoller-1" daemon [_thread_in_native, id=13996, stack(0x00000000228c0000,0x00000000229c0000)]
  0x000000002023d000 JavaThread "http-nio-7007-ClientPoller-0" daemon [_thread_in_native, id=14624, stack(0x00000000227c0000,0x00000000228c0000)]
  0x0000000020238800 JavaThread "http-nio-7007-exec-10" daemon [_thread_blocked, id=5072, stack(0x00000000226c0000,0x00000000227c0000)]
  0x0000000020235800 JavaThread "http-nio-7007-exec-9" daemon [_thread_blocked, id=6320, stack(0x00000000225c0000,0x00000000226c0000)]
  0x0000000020238000 JavaThread "http-nio-7007-exec-8" daemon [_thread_blocked, id=14424, stack(0x00000000224c0000,0x00000000225c0000)]
  0x0000000020235000 JavaThread "http-nio-7007-exec-7" daemon [_thread_blocked, id=9880, stack(0x00000000223c0000,0x00000000224c0000)]
  0x0000000020237000 JavaThread "http-nio-7007-exec-6" daemon [_thread_blocked, id=14360, stack(0x00000000222c0000,0x00000000223c0000)]
  0x000000001ff89000 JavaThread "http-nio-7007-exec-5" daemon [_thread_blocked, id=11504, stack(0x00000000221c0000,0x00000000222c0000)]
  0x000000001ff88800 JavaThread "http-nio-7007-exec-4" daemon [_thread_blocked, id=15144, stack(0x00000000220c0000,0x00000000221c0000)]
  0x000000001ff87800 JavaThread "http-nio-7007-exec-3" daemon [_thread_blocked, id=14876, stack(0x0000000021fc0000,0x00000000220c0000)]
  0x000000001ff87000 JavaThread "http-nio-7007-exec-2" daemon [_thread_blocked, id=8412, stack(0x0000000021ec0000,0x0000000021fc0000)]
  0x000000001ff85800 JavaThread "http-nio-7007-exec-1" daemon [_thread_blocked, id=14324, stack(0x0000000021dc0000,0x0000000021ec0000)]
  0x000000001ff84800 JavaThread "NioBlockingSelector.BlockPoller-1" daemon [_thread_in_native, id=3724, stack(0x0000000021cc0000,0x0000000021dc0000)]
  0x000000001ff84000 JavaThread "Druid-ConnectionPool-Destroy-1700397528" daemon [_thread_blocked, id=7732, stack(0x00000000216c0000,0x00000000217c0000)]
  0x000000001ff8a800 JavaThread "Druid-ConnectionPool-Create-1700397528" daemon [_thread_blocked, id=2228, stack(0x00000000215c0000,0x00000000216c0000)]
  0x000000001ff86000 JavaThread "mysql-cj-abandoned-connection-cleanup" daemon [_thread_blocked, id=992, stack(0x00000000214c0000,0x00000000215c0000)]
  0x000000001ff4f800 JavaThread "container-0" [_thread_blocked, id=14556, stack(0x00000000211c0000,0x00000000212c0000)]
  0x000000001ff28000 JavaThread "Catalina-utility-2" [_thread_blocked, id=784, stack(0x00000000210c0000,0x00000000211c0000)]
  0x000000001ff27000 JavaThread "Catalina-utility-1" [_thread_blocked, id=1272, stack(0x0000000020fc0000,0x00000000210c0000)]
  0x000000001de22000 JavaThread "RMI Scheduler(0)" daemon [_thread_blocked, id=9308, stack(0x000000001f0f0000,0x000000001f1f0000)]
  0x000000001d993000 JavaThread "RMI TCP Accept-0" daemon [_thread_in_native, id=11072, stack(0x000000001e4f0000,0x000000001e5f0000)]
  0x000000001d987000 JavaThread "RMI TCP Accept-56730" daemon [_thread_in_native, id=7792, stack(0x000000001e3f0000,0x000000001e4f0000)]
  0x000000001d97d000 JavaThread "RMI TCP Accept-0" daemon [_thread_in_native, id=11868, stack(0x000000001e2f0000,0x000000001e3f0000)]
  0x000000001d840800 JavaThread "Service Thread" daemon [_thread_blocked, id=11452, stack(0x000000001e030000,0x000000001e130000)]
  0x000000001c88b800 JavaThread "C1 CompilerThread3" daemon [_thread_blocked, id=15756, stack(0x000000001d730000,0x000000001d830000)]
  0x000000001c889000 JavaThread "C2 CompilerThread2" daemon [_thread_blocked, id=3140, stack(0x000000001d630000,0x000000001d730000)]
  0x000000001c886000 JavaThread "C2 CompilerThread1" daemon [_thread_blocked, id=6648, stack(0x000000001d530000,0x000000001d630000)]
  0x000000001c86e800 JavaThread "C2 CompilerThread0" daemon [_thread_blocked, id=14328, stack(0x000000001d430000,0x000000001d530000)]
  0x000000001c5d8800 JavaThread "JDWP Command Reader" daemon [_thread_in_native, id=4316, stack(0x000000001d330000,0x000000001d430000)]
  0x000000001c5d7000 JavaThread "JDWP Event Helper Thread" daemon [_thread_blocked, id=14752, stack(0x000000001d230000,0x000000001d330000)]
=>0x000000001c5cb800 JavaThread "JDWP Transport Listener: dt_socket" daemon [_thread_in_vm, id=4792, stack(0x000000001d130000,0x000000001d230000)]
  0x000000001c5c1000 JavaThread "Attach Listener" daemon [_thread_blocked, id=10192, stack(0x000000001cc30000,0x000000001cd30000)]
  0x000000001c56a800 JavaThread "Signal Dispatcher" daemon [_thread_blocked, id=14756, stack(0x000000001cb30000,0x000000001cc30000)]
  0x000000001c550800 JavaThread "Finalizer" daemon [_thread_blocked, id=3820, stack(0x000000001c930000,0x000000001ca30000)]
  0x000000000573a000 JavaThread "Reference Handler" daemon [_thread_blocked, id=8936, stack(0x000000001c430000,0x000000001c530000)]

Other Threads:
  0x000000001a649000 VMThread [stack: 0x000000001c330000,0x000000001c430000] [id=3840]
  0x000000001d9a7800 WatcherThread [stack: 0x000000001e5f0000,0x000000001e6f0000] [id=7308]

VM state:not at safepoint (normal execution)

VM Mutex/Monitor currently owned by a thread: None

Heap:
 PSYoungGen      total 155648K, used 68184K [0x00000000d6180000, 0x00000000e1e80000, 0x0000000100000000)
  eden space 147968K, 41% used [0x00000000d6180000,0x00000000d9ce4170,0x00000000df200000)
  from space 7680K, 95% used [0x00000000e1700000,0x00000000e1e31e90,0x00000000e1e80000)
  to   space 13824K, 0% used [0x00000000e0380000,0x00000000e0380000,0x00000000e1100000)
 ParOldGen       total 90624K, used 19977K [0x0000000082400000, 0x0000000087c80000, 0x00000000d6180000)
  object space 90624K, 22% used [0x0000000082400000,0x0000000083782430,0x0000000087c80000)
 Metaspace       used 46084K, capacity 48022K, committed 48424K, reserved 1091584K
  class space    used 5946K, capacity 6314K, committed 6440K, reserved 1048576K

Card table byte_map: [0x0000000014b00000,0x0000000014ef0000] byte_map_base: 0x00000000146ee000

Marking Bits: (ParMarkBitMap*) 0x000000006e122f70
 Begin Bits: [0x0000000015990000, 0x0000000017900000)
 End Bits:   [0x0000000017900000, 0x0000000019870000)

Polling page: 0x0000000003320000

CodeCache: size=245760Kb used=8783Kb max_used=8804Kb free=236976Kb
 bounds [0x0000000005740000, 0x0000000005fe0000, 0x0000000014740000]
 total_blobs=4735 nmethods=4205 adapters=449
 compilation: enabled

Compilation events (10 events):
Event: 501.278 Thread 0x000000001c88b800 4307   !   1       org.apache.catalina.core.ContainerBase::backgroundProcess (168 bytes)
Event: 501.279 Thread 0x000000001c88b800 nmethod 4307 0x0000000005bcf2d0 code [0x0000000005bcf500, 0x0000000005bcfd88]
Event: 501.279 Thread 0x000000001c88b800 4306   !   1       org.apache.catalina.core.ContainerBase$ContainerBackgroundProcessor::processChildren (191 bytes)
Event: 501.280 Thread 0x000000001c88b800 nmethod 4306 0x0000000005d6f190 code [0x0000000005d6f420, 0x0000000005d70108]
Event: 501.280 Thread 0x000000001c88b800 4308       1       org.apache.catalina.core.StandardWrapper::getServlet (5 bytes)
Event: 501.280 Thread 0x000000001c88b800 nmethod 4308 0x0000000005bcf010 code [0x0000000005bcf160, 0x0000000005bcf270]
Event: 551.296 Thread 0x000000001c88b800 4309       1       java.util.TreeSet::add (22 bytes)
Event: 551.297 Thread 0x000000001c88b800 nmethod 4309 0x0000000005bcecd0 code [0x0000000005bcee40, 0x0000000005bcefa8]
Event: 571.299 Thread 0x000000001c88b800 4310       1       java.util.TreeMap$KeySet::iterator (32 bytes)
Event: 571.300 Thread 0x000000001c88b800 nmethod 4310 0x0000000005d6eb50 code [0x0000000005d6ece0, 0x0000000005d6efb8]

GC Heap History (10 events):
Event: 1.768 GC heap before
{Heap before GC invocations=6 (full 1):
 PSYoungGen      total 70656K, used 65536K [0x00000000d6180000, 0x00000000dab80000, 0x0000000100000000)
  eden space 65536K, 100% used [0x00000000d6180000,0x00000000da180000,0x00000000da180000)
  from space 5120K, 0% used [0x00000000da680000,0x00000000da680000,0x00000000dab80000)
  to   space 5120K, 0% used [0x00000000da180000,0x00000000da180000,0x00000000da680000)
 ParOldGen       total 53248K, used 6865K [0x0000000082400000, 0x0000000085800000, 0x00000000d6180000)
  object space 53248K, 12% used [0x0000000082400000,0x0000000082ab4648,0x0000000085800000)
 Metaspace       used 24645K, capacity 25554K, committed 25728K, reserved 1071104K
  class space    used 3252K, capacity 3455K, committed 3456K, reserved 1048576K
Event: 1.773 GC heap after
Heap after GC invocations=6 (full 1):
 PSYoungGen      total 70656K, used 5112K [0x00000000d6180000, 0x00000000ddc00000, 0x0000000100000000)
  eden space 65536K, 0% used [0x00000000d6180000,0x00000000d6180000,0x00000000da180000)
  from space 5120K, 99% used [0x00000000da180000,0x00000000da67e320,0x00000000da680000)
  to   space 8192K, 0% used [0x00000000dd400000,0x00000000dd400000,0x00000000ddc00000)
 ParOldGen       total 53248K, used 8233K [0x0000000082400000, 0x0000000085800000, 0x00000000d6180000)
  object space 53248K, 15% used [0x0000000082400000,0x0000000082c0a7b0,0x0000000085800000)
 Metaspace       used 24645K, capacity 25554K, committed 25728K, reserved 1071104K
  class space    used 3252K, capacity 3455K, committed 3456K, reserved 1048576K
}
Event: 2.244 GC heap before
{Heap before GC invocations=7 (full 1):
 PSYoungGen      total 70656K, used 70648K [0x00000000d6180000, 0x00000000ddc00000, 0x0000000100000000)
  eden space 65536K, 100% used [0x00000000d6180000,0x00000000da180000,0x00000000da180000)
  from space 5120K, 99% used [0x00000000da180000,0x00000000da67e320,0x00000000da680000)
  to   space 8192K, 0% used [0x00000000dd400000,0x00000000dd400000,0x00000000ddc00000)
 ParOldGen       total 53248K, used 8233K [0x0000000082400000, 0x0000000085800000, 0x00000000d6180000)
  object space 53248K, 15% used [0x0000000082400000,0x0000000082c0a7b0,0x0000000085800000)
 Metaspace       used 29600K, capacity 31038K, committed 31232K, reserved 1077248K
  class space    used 3998K, capacity 4285K, committed 4352K, reserved 1048576K
Event: 2.252 GC heap after
Heap after GC invocations=7 (full 1):
 PSYoungGen      total 113664K, used 8181K [0x00000000d6180000, 0x00000000de100000, 0x0000000100000000)
  eden space 105472K, 0% used [0x00000000d6180000,0x00000000d6180000,0x00000000dc880000)
  from space 8192K, 99% used [0x00000000dd400000,0x00000000ddbfd4a0,0x00000000ddc00000)
  to   space 11776K, 0% used [0x00000000dc880000,0x00000000dc880000,0x00000000dd400000)
 ParOldGen       total 53248K, used 12907K [0x0000000082400000, 0x0000000085800000, 0x00000000d6180000)
  object space 53248K, 24% used [0x0000000082400000,0x000000008309af00,0x0000000085800000)
 Metaspace       used 29600K, capacity 31038K, committed 31232K, reserved 1077248K
  class space    used 3998K, capacity 4285K, committed 4352K, reserved 1048576K
}
Event: 2.615 GC heap before
{Heap before GC invocations=8 (full 1):
 PSYoungGen      total 113664K, used 63067K [0x00000000d6180000, 0x00000000de100000, 0x0000000100000000)
  eden space 105472K, 52% used [0x00000000d6180000,0x00000000d97198d8,0x00000000dc880000)
  from space 8192K, 99% used [0x00000000dd400000,0x00000000ddbfd4a0,0x00000000ddc00000)
  to   space 11776K, 0% used [0x00000000dc880000,0x00000000dc880000,0x00000000dd400000)
 ParOldGen       total 53248K, used 12907K [0x0000000082400000, 0x0000000085800000, 0x00000000d6180000)
  object space 53248K, 24% used [0x0000000082400000,0x000000008309af00,0x0000000085800000)
 Metaspace       used 34000K, capacity 35446K, committed 35496K, reserved 1079296K
  class space    used 4480K, capacity 4769K, committed 4776K, reserved 1048576K
Event: 2.625 GC heap after
Heap after GC invocations=8 (full 1):
 PSYoungGen      total 117248K, used 11750K [0x00000000d6180000, 0x00000000e2500000, 0x0000000100000000)
  eden space 105472K, 0% used [0x00000000d6180000,0x00000000d6180000,0x00000000dc880000)
  from space 11776K, 99% used [0x00000000dc880000,0x00000000dd3f9a18,0x00000000dd400000)
  to   space 14336K, 0% used [0x00000000e1700000,0x00000000e1700000,0x00000000e2500000)
 ParOldGen       total 53248K, used 15180K [0x0000000082400000, 0x0000000085800000, 0x00000000d6180000)
  object space 53248K, 28% used [0x0000000082400000,0x00000000832d3310,0x0000000085800000)
 Metaspace       used 34000K, capacity 35446K, committed 35496K, reserved 1079296K
  class space    used 4480K, capacity 4769K, committed 4776K, reserved 1048576K
}
Event: 2.625 GC heap before
{Heap before GC invocations=9 (full 2):
 PSYoungGen      total 117248K, used 11750K [0x00000000d6180000, 0x00000000e2500000, 0x0000000100000000)
  eden space 105472K, 0% used [0x00000000d6180000,0x00000000d6180000,0x00000000dc880000)
  from space 11776K, 99% used [0x00000000dc880000,0x00000000dd3f9a18,0x00000000dd400000)
  to   space 14336K, 0% used [0x00000000e1700000,0x00000000e1700000,0x00000000e2500000)
 ParOldGen       total 53248K, used 15180K [0x0000000082400000, 0x0000000085800000, 0x00000000d6180000)
  object space 53248K, 28% used [0x0000000082400000,0x00000000832d3310,0x0000000085800000)
 Metaspace       used 34000K, capacity 35446K, committed 35496K, reserved 1079296K
  class space    used 4480K, capacity 4769K, committed 4776K, reserved 1048576K
Event: 2.679 GC heap after
Heap after GC invocations=9 (full 2):
 PSYoungGen      total 117248K, used 0K [0x00000000d6180000, 0x00000000e2500000, 0x0000000100000000)
  eden space 105472K, 0% used [0x00000000d6180000,0x00000000d6180000,0x00000000dc880000)
  from space 11776K, 0% used [0x00000000dc880000,0x00000000dc880000,0x00000000dd400000)
  to   space 14336K, 0% used [0x00000000e1700000,0x00000000e1700000,0x00000000e2500000)
 ParOldGen       total 90624K, used 19969K [0x0000000082400000, 0x0000000087c80000, 0x00000000d6180000)
  object space 90624K, 22% used [0x0000000082400000,0x0000000083780430,0x0000000087c80000)
 Metaspace       used 34000K, capacity 35446K, committed 35496K, reserved 1079296K
  class space    used 4480K, capacity 4769K, committed 4776K, reserved 1048576K
}
Event: 11.339 GC heap before
{Heap before GC invocations=10 (full 2):
 PSYoungGen      total 117248K, used 105472K [0x00000000d6180000, 0x00000000e2500000, 0x0000000100000000)
  eden space 105472K, 100% used [0x00000000d6180000,0x00000000dc880000,0x00000000dc880000)
  from space 11776K, 0% used [0x00000000dc880000,0x00000000dc880000,0x00000000dd400000)
  to   space 14336K, 0% used [0x00000000e1700000,0x00000000e1700000,0x00000000e2500000)
 ParOldGen       total 90624K, used 19969K [0x0000000082400000, 0x0000000087c80000, 0x00000000d6180000)
  object space 90624K, 22% used [0x0000000082400000,0x0000000083780430,0x0000000087c80000)
 Metaspace       used 39464K, capacity 41386K, committed 41512K, reserved 1085440K
  class space    used 5229K, capacity 5602K, committed 5672K, reserved 1048576K
Event: 11.347 GC heap after
Heap after GC invocations=10 (full 2):
 PSYoungGen      total 155648K, used 7367K [0x00000000d6180000, 0x00000000e1e80000, 0x0000000100000000)
  eden space 147968K, 0% used [0x00000000d6180000,0x00000000d6180000,0x00000000df200000)
  from space 7680K, 95% used [0x00000000e1700000,0x00000000e1e31e90,0x00000000e1e80000)
  to   space 13824K, 0% used [0x00000000e0380000,0x00000000e0380000,0x00000000e1100000)
 ParOldGen       total 90624K, used 19977K [0x0000000082400000, 0x0000000087c80000, 0x00000000d6180000)
  object space 90624K, 22% used [0x0000000082400000,0x0000000083782430,0x0000000087c80000)
 Metaspace       used 39464K, capacity 41386K, committed 41512K, reserved 1085440K
  class space    used 5229K, capacity 5602K, committed 5672K, reserved 1048576K
}

Deoptimization events (0 events):
No events

Internal exceptions (10 events):
Event: 24.561 Thread 0x000000001ff85800 Exception <a 'java/lang/ArrayIndexOutOfBoundsException'> (0x00000000d8bba0b8) thrown at [C:\re\workspace\8-2-build-windows-amd64-cygwin\jdk8u91\7017\hotspot\src\share\vm\runtime\sharedRuntime.cpp, line 605]
Event: 24.562 Thread 0x000000001ff85800 Exception <a 'java/lang/ArrayIndexOutOfBoundsException'> (0x00000000d8bc2ca0) thrown at [C:\re\workspace\8-2-build-windows-amd64-cygwin\jdk8u91\7017\hotspot\src\share\vm\runtime\sharedRuntime.cpp, line 605]
Event: 24.562 Thread 0x000000001ff85800 Exception <a 'java/lang/ArrayIndexOutOfBoundsException'> (0x00000000d8bcb1b0) thrown at [C:\re\workspace\8-2-build-windows-amd64-cygwin\jdk8u91\7017\hotspot\src\share\vm\runtime\sharedRuntime.cpp, line 605]
Event: 24.573 Thread 0x000000001ff85800 Exception <a 'java/lang/ArrayIndexOutOfBoundsException'> (0x00000000d8d0bd80) thrown at [C:\re\workspace\8-2-build-windows-amd64-cygwin\jdk8u91\7017\hotspot\src\share\vm\runtime\sharedRuntime.cpp, line 605]
Event: 24.575 Thread 0x000000001ff85800 Exception <a 'java/lang/ArrayIndexOutOfBoundsException'> (0x00000000d8d373d0) thrown at [C:\re\workspace\8-2-build-windows-amd64-cygwin\jdk8u91\7017\hotspot\src\share\vm\runtime\sharedRuntime.cpp, line 605]
Event: 78.990 Thread 0x000000001ff87000 Exception <a 'java/lang/NullPointerException'> (0x00000000d8ed5f70) thrown at [C:\re\workspace\8-2-build-windows-amd64-cygwin\jdk8u91\7017\hotspot\src\share\vm\interpreter\linkResolver.cpp, line 1280]
Event: 160.393 Thread 0x000000001ff88800 Exception <a 'java/lang/NullPointerException'> (0x00000000d92750f8) thrown at [C:\re\workspace\8-2-build-windows-amd64-cygwin\jdk8u91\7017\hotspot\src\share\vm\interpreter\linkResolver.cpp, line 1280]
Event: 277.293 Thread 0x0000000020237000 Exception <a 'java/lang/NullPointerException'> (0x00000000d96ca7c0) thrown at [C:\re\workspace\8-2-build-windows-amd64-cygwin\jdk8u91\7017\hotspot\src\share\vm\interpreter\linkResolver.cpp, line 1280]
Event: 358.082 Thread 0x0000000020238000 Exception <a 'java/lang/NullPointerException'> (0x00000000d98e3568) thrown at [C:\re\workspace\8-2-build-windows-amd64-cygwin\jdk8u91\7017\hotspot\src\share\vm\interpreter\linkResolver.cpp, line 1280]
Event: 431.270 Thread 0x0000000020238800 Exception <a 'java/lang/NullPointerException'> (0x00000000d9b3d648) thrown at [C:\re\workspace\8-2-build-windows-amd64-cygwin\jdk8u91\7017\hotspot\src\share\vm\interpreter\linkResolver.cpp, line 1280]

Events (10 events):
Event: 574.715 Executing VM operation: ChangeBreakpoints
Event: 574.715 Executing VM operation: ChangeBreakpoints done
Event: 574.716 Executing VM operation: ChangeBreakpoints
Event: 574.716 Executing VM operation: ChangeBreakpoints done
Event: 574.716 Executing VM operation: ChangeBreakpoints
Event: 574.716 Executing VM operation: ChangeBreakpoints done
Event: 574.719 Executing VM operation: RedefineClasses
Event: 574.737 Executing VM operation: RedefineClasses done
Event: 574.747 Executing VM operation: ChangeBreakpoints
Event: 574.748 Executing VM operation: ChangeBreakpoints done


Dynamic libraries:
0x00007ff6a5a70000 - 0x00007ff6a5aa7000 	C:\dev\Java\jdk\bin\java.exe
0x00007ff98da70000 - 0x00007ff98dc50000 	C:\Windows\SYSTEM32\ntdll.dll
0x00007ff98c9e0000 - 0x00007ff98ca8e000 	C:\Windows\System32\KERNEL32.DLL
0x00007ff98aa10000 - 0x00007ff98ac76000 	C:\Windows\System32\KERNELBASE.dll
0x00007ff98d110000 - 0x00007ff98d1b1000 	C:\Windows\System32\ADVAPI32.dll
0x00007ff98d1d0000 - 0x00007ff98d26d000 	C:\Windows\System32\msvcrt.dll
0x00007ff98d460000 - 0x00007ff98d4bb000 	C:\Windows\System32\sechost.dll
0x00007ff98d660000 - 0x00007ff98d77f000 	C:\Windows\System32\RPCRT4.dll
0x00007ff98d840000 - 0x00007ff98d9cf000 	C:\Windows\System32\USER32.dll
0x00007ff98ac80000 - 0x00007ff98aca0000 	C:\Windows\System32\win32u.dll
0x00007ff98af40000 - 0x00007ff98af68000 	C:\Windows\System32\GDI32.dll
0x00007ff98aca0000 - 0x00007ff98ae33000 	C:\Windows\System32\gdi32full.dll
0x00007ff98a7a0000 - 0x00007ff98a83b000 	C:\Windows\System32\msvcp_win.dll
0x00007ff98ae40000 - 0x00007ff98af36000 	C:\Windows\System32\ucrtbase.dll
0x00007ff97ba40000 - 0x00007ff97bca9000 	C:\Windows\WinSxS\amd64_microsoft.windows.common-controls_6595b64144ccf1df_6.0.16299.248_none_15ced204935f55d7\COMCTL32.dll
0x00007ff98c6d0000 - 0x00007ff98c9d8000 	C:\Windows\System32\combase.dll
0x00007ff989e70000 - 0x00007ff989ee2000 	C:\Windows\System32\bcryptPrimitives.dll
0x00007ff98af70000 - 0x00007ff98af9d000 	C:\Windows\System32\IMM32.DLL
0x000000006ff60000 - 0x0000000070032000 	C:\dev\Java\jdk\jre\bin\msvcr100.dll
0x000000006d910000 - 0x000000006e1a3000 	C:\dev\Java\jdk\jre\bin\server\jvm.dll
0x00007ff98d450000 - 0x00007ff98d458000 	C:\Windows\System32\PSAPI.DLL
0x00007ff9858f0000 - 0x00007ff9858f9000 	C:\Windows\SYSTEM32\WSOCK32.dll
0x00007ff98d9d0000 - 0x00007ff98da3c000 	C:\Windows\System32\WS2_32.dll
0x00007ff987b50000 - 0x00007ff987b73000 	C:\Windows\SYSTEM32\WINMM.dll
0x00007ff978e60000 - 0x00007ff978e6a000 	C:\Windows\SYSTEM32\VERSION.dll
0x00007ff987af0000 - 0x00007ff987b1a000 	C:\Windows\SYSTEM32\WINMMBASE.dll
0x00007ff989ef0000 - 0x00007ff989f3a000 	C:\Windows\System32\cfgmgr32.dll
0x000000006ff50000 - 0x000000006ff5f000 	C:\dev\Java\jdk\jre\bin\verify.dll
0x000000006ff20000 - 0x000000006ff49000 	C:\dev\Java\jdk\jre\bin\java.dll
0x000000006d8b0000 - 0x000000006d8e5000 	C:\dev\Java\jdk\jre\bin\jdwp.dll
0x000000006d8a0000 - 0x000000006d8a8000 	C:\dev\Java\jdk\jre\bin\npt.dll
0x000000006d870000 - 0x000000006d893000 	C:\dev\Java\jdk\jre\bin\instrument.dll
0x000000006d8f0000 - 0x000000006d906000 	C:\dev\Java\jdk\jre\bin\zip.dll
0x00007ff98afa0000 - 0x00007ff98c3d6000 	C:\Windows\System32\SHELL32.dll
0x00007ff98d060000 - 0x00007ff98d106000 	C:\Windows\System32\shcore.dll
0x00007ff98a050000 - 0x00007ff98a797000 	C:\Windows\System32\windows.storage.dll
0x00007ff98c440000 - 0x00007ff98c491000 	C:\Windows\System32\shlwapi.dll
0x00007ff989e30000 - 0x00007ff989e41000 	C:\Windows\System32\kernel.appcore.dll
0x00007ff989dc0000 - 0x00007ff989e0c000 	C:\Windows\System32\powrprof.dll
0x00007ff989e10000 - 0x00007ff989e2b000 	C:\Windows\System32\profapi.dll
0x000000006d860000 - 0x000000006d869000 	C:\dev\Java\jdk\jre\bin\dt_socket.dll
0x00007ff977c10000 - 0x00007ff977d8b000 	C:\Program Files (x86)\Sangfor\SSL\ClientComponent\SangforTcpX64.dll
0x00007ff98c580000 - 0x00007ff98c6c9000 	C:\Windows\System32\ole32.dll
0x00007ff98d270000 - 0x00007ff98d335000 	C:\Windows\System32\OLEAUT32.dll
0x00007ff989ff0000 - 0x00007ff98a048000 	C:\Windows\System32\WINTRUST.dll
0x00007ff989e50000 - 0x00007ff989e62000 	C:\Windows\System32\MSASN1.dll
0x00007ff98a840000 - 0x00007ff98aa0e000 	C:\Windows\System32\CRYPT32.dll
0x00007ff989650000 - 0x00007ff9896b6000 	C:\Windows\system32\mswsock.dll
0x000000006d850000 - 0x000000006d85d000 	C:\dev\Java\jdk\jre\bin\management.dll
0x000000006d830000 - 0x000000006d84a000 	C:\dev\Java\jdk\jre\bin\net.dll
0x000000006d810000 - 0x000000006d821000 	C:\dev\Java\jdk\jre\bin\nio.dll
0x00007ff970a50000 - 0x00007ff970a7f000 	C:\Program Files (x86)\Sangfor\SSL\ClientComponent\SangforNspX64.dll
0x00007ff970a30000 - 0x00007ff970a46000 	C:\Windows\system32\napinsp.dll
0x00007ff970a10000 - 0x00007ff970a2a000 	C:\Windows\system32\pnrpnsp.dll
0x00007ff986520000 - 0x00007ff986538000 	C:\Windows\system32\NLAapi.dll
0x00007ff989420000 - 0x00007ff9894d6000 	C:\Windows\SYSTEM32\DNSAPI.dll
0x00007ff98cc00000 - 0x00007ff98cc08000 	C:\Windows\System32\NSI.dll
0x00007ff9893e0000 - 0x00007ff989419000 	C:\Windows\SYSTEM32\IPHLPAPI.DLL
0x00007ff970a00000 - 0x00007ff970a0e000 	C:\Windows\System32\winrnr.dll
0x00007ff972e90000 - 0x00007ff972ea5000 	C:\Windows\System32\wshbth.dll
0x00007ff980900000 - 0x00007ff98090a000 	C:\Windows\System32\rasadhlp.dll
0x00007ff985a60000 - 0x00007ff985ad0000 	C:\Windows\System32\fwpuclnt.dll
0x00007ff989920000 - 0x00007ff989945000 	C:\Windows\SYSTEM32\bcrypt.dll
0x00007ff989810000 - 0x00007ff989827000 	C:\Windows\SYSTEM32\CRYPTSP.dll
0x00007ff989200000 - 0x00007ff989233000 	C:\Windows\system32\rsaenh.dll
0x00007ff989cc0000 - 0x00007ff989ce9000 	C:\Windows\SYSTEM32\USERENV.dll
0x00007ff989830000 - 0x00007ff98983b000 	C:\Windows\SYSTEM32\CRYPTBASE.dll
0x00007ff985460000 - 0x00007ff985476000 	C:\Windows\SYSTEM32\dhcpcsvc6.DLL
0x00007ff985440000 - 0x00007ff98545a000 	C:\Windows\SYSTEM32\dhcpcsvc.DLL
0x000000006d7e0000 - 0x000000006d804000 	C:\dev\Java\jdk\jre\bin\sunec.dll
0x00007ff9776b0000 - 0x00007ff977878000 	C:\Windows\SYSTEM32\dbghelp.dll

VM Arguments:
jvm_args: -agentlib:jdwp=transport=dt_socket,address=127.0.0.1:56731,suspend=y,server=n -XX:TieredStopAtLevel=1 -Xverify:none -Dspring.output.ansi.enabled=always -Dcom.sun.management.jmxremote -Dcom.sun.management.jmxremote.port=56730 -Dcom.sun.management.jmxremote.authenticate=false -Dcom.sun.management.jmxremote.ssl=false -Djava.rmi.server.hostname=localhost -Dspring.liveBeansView.mbeanDomain -Dspring.application.admin.enabled=true -javaagent:C:\Users\geyu1\.IntelliJIdea2018.2\system\captureAgent\debugger-agent.jar=file:/C:/Users/geyu1/AppData/Local/Temp/capture.props -Dfile.encoding=UTF-8 
java_command: com.gyfish.formflow.FormFlowApp
java_class_path (initial): C:\dev\Java\jdk\jre\lib\charsets.jar;C:\dev\Java\jdk\jre\lib\deploy.jar;C:\dev\Java\jdk\jre\lib\ext\access-bridge-64.jar;C:\dev\Java\jdk\jre\lib\ext\cldrdata.jar;C:\dev\Java\jdk\jre\lib\ext\dnsns.jar;C:\dev\Java\jdk\jre\lib\ext\jaccess.jar;C:\dev\Java\jdk\jre\lib\ext\jfxrt.jar;C:\dev\Java\jdk\jre\lib\ext\localedata.jar;C:\dev\Java\jdk\jre\lib\ext\nashorn.jar;C:\dev\Java\jdk\jre\lib\ext\sunec.jar;C:\dev\Java\jdk\jre\lib\ext\sunjce_provider.jar;C:\dev\Java\jdk\jre\lib\ext\sunmscapi.jar;C:\dev\Java\jdk\jre\lib\ext\sunpkcs11.jar;C:\dev\Java\jdk\jre\lib\ext\zipfs.jar;C:\dev\Java\jdk\jre\lib\javaws.jar;C:\dev\Java\jdk\jre\lib\jce.jar;C:\dev\Java\jdk\jre\lib\jfr.jar;C:\dev\Java\jdk\jre\lib\jfxswt.jar;C:\dev\Java\jdk\jre\lib\jsse.jar;C:\dev\Java\jdk\jre\lib\management-agent.jar;C:\dev\Java\jdk\jre\lib\plugin.jar;C:\dev\Java\jdk\jre\lib\resources.jar;C:\dev\Java\jdk\jre\lib\rt.jar;D:\nodes\form-flow\server\target\classes;C:\dev\maven\repo\org\springframework\boot\spring-boot-starter-web\2.1.3.RELEASE\spring-boot-starter-web-2.1.3.RELEASE.jar;C:\dev\maven\repo\org\springframework\boot\spring-boot-starter\2.1.3.RELEASE\spring-boot-starter-2.1.3.RELEASE.jar;C:\dev\maven\repo\org\springframework\boot\spring-boot\2.1.3.RELEASE\spring-boot-2.1.3.RELEASE.jar;C:\dev\maven\repo\org\springframework\boot\spring-boot-starter-logging\2.1.3.RELEASE\spring-boot-starter-logging-2.1.3.RELEASE.jar;C:\dev\maven\repo\ch\qos\logback\logback-classic\1.2.3\logback-classic-1.2.3.jar;C:\dev\maven\repo\ch\qos\logback\logback-core\1.2.3\logback-core-1.2.3.jar;C:\dev\maven\repo\org\apache\logging\log4j\log4j-to-slf4j\2.11.2\log4j-to-slf4j-2.11.2.jar;C:\dev\maven\repo\org\apache\logging\log4j\log4j-api\2.11.2\log4j-api-2.11.2.jar;C:\dev\maven\repo\org\slf4j\jul-to-slf4j\1.7.25\jul-to-slf4j-1.7.25.jar;C:\dev\maven\repo\javax\annotation\javax.annotation-api\1.3.2\javax.annotation-api-1.3.2.jar;C:\dev\maven\repo\org\yaml\snakeyaml\1.23\snakeyaml-1.23.jar;C:\dev\maven\repo\org\s
Launcher Type: SUN_STANDARD

Environment Variables:
JAVA_HOME=C:\dev\Java\jdk
PATH=C:\dev\Xftp6\;C:\dev\xshell6\;C:\Windows\system32;C:\Windows;C:\Windows\System32\Wbem;C:\Windows\System32\WindowsPowerShell\v1.0\;C:\Program Files\Git\cmd;C:\dev\maven\bin;C:\dev\Java\jdk\bin;C:\dev\nodejs\;C:\Users\geyu1\AppData\Local\Microsoft\WindowsApps;;C:\Users\geyu1\AppData\Local\Programs\Microsoft VS Code\bin;C:\dev\Microsoft VS Code\bin;C:\Users\geyu1\AppData\Roaming\npm
USERNAME=geyu1
OS=Windows_NT
PROCESSOR_IDENTIFIER=Intel64 Family 6 Model 142 Stepping 10, GenuineIntel



---------------  S Y S T E M  ---------------

OS: Windows 10.0 , 64 bit Build 16299 (10.0.16299.15)

CPU:total 8 (4 cores per cpu, 2 threads per core) family 6 model 142 stepping 10, cmov, cx8, fxsr, mmx, sse, sse2, sse3, ssse3, sse4.1, sse4.2, popcnt, avx, avx2, clmul, erms, 3dnowpref, lzcnt, ht, tsc, tscinvbit, bmi1, bmi2, adx

Memory: 4k page, physical 8239260k(1759708k free), swap 14792860k(5004604k free)

vm_info: Java HotSpot(TM) 64-Bit Server VM (25.91-b15) for windows-amd64 JRE (1.8.0_91-b15), built on May 20 2016 17:43:15 by "java_re" with MS VC++ 10.0 (VS2010)

time: Sat Apr 20 21:22:05 2019
elapsed time: 574 seconds (0d 0h 9m 34s)

